2024-11-15 18:13:54,674 - INFO - successfully scraped job Senior Software Engineer, Applied AI at Front How teams delight their customers, engage their teams, and build stronger businesses 
2024-11-15 18:13:54,702 - INFO - successfully scraped job Senior AI Researcher at Leonardo.Ai Leonardo is a Generative AI content production suite.
2024-11-15 18:13:54,731 - INFO - successfully scraped job Machine Learning Engineer Intern at Quora A place to share knowledge and better understand the world.
2024-11-15 18:13:54,758 - INFO - successfully scraped job Data Science Co-op, July 2025 at Jellyfish Change is easier with the right tools — navigate your engineering teams through it with Jellyfish
2024-11-15 18:13:54,783 - INFO - successfully scraped job Senior Data Engineer at Bluesight The Medication Intelligence Company
2024-11-15 18:13:54,809 - INFO - successfully scraped job Data Scientist at Big Time We are Big Time Studios, a new game company dedicated to crafting online adventures through space and time.
2024-11-15 18:13:54,829 - INFO - successfully scraped job Senior AI Research Engineer at Leonardo.Ai Leonardo is a Generative AI content production suite.
2024-11-15 18:13:54,848 - INFO - successfully scraped job AI Researcher at Leonardo.Ai Leonardo is a Generative AI content production suite.
2024-11-15 18:13:54,874 - INFO - successfully scraped job Senior Data Scientist, ML and Algorithms at AllTrails AllTrails is your guide to the outdoors! Explore 200k trail guides with reviews & photos from 30M+ outdoor enthusiasts.
2024-11-15 18:13:54,897 - INFO - successfully scraped job Senior Data Scientist at Sonatype Develop software fearlessly.
2024-11-15 18:13:54,917 - INFO - successfully scraped job Senior Data Scientist, ML and Algorithms at AllTrails AllTrails is your guide to the outdoors! Explore 200k trail guides with reviews & photos from 30M+ outdoor enthusiasts.
2024-11-15 18:13:54,939 - INFO - successfully scraped job Manager, Data Engineering at FreshBooks #1 accounting software in the cloud for self-employed professionals and their teams.
2024-11-15 18:13:54,961 - INFO - successfully scraped job Data Scientist, Product Analytics at Atlassian Tools for teams, from startup to enterprise: Atlassian provides tools to help every team unleash their full potential.
2024-11-15 18:13:54,982 - INFO - successfully scraped job Data Analytics Engineer at Mattermost Award-winning open source, private cloud Slack-alternative.
2024-11-15 18:13:55,007 - INFO - successfully scraped job Data Scientist at Headspace Your guide to health and happiness. Learn to meditate and live mindfully.
2024-11-15 18:13:55,031 - INFO - successfully scraped job Senior Data Scientist, Finance at Shopify Sell online, in-store, and everywhere in between.
2024-11-15 18:13:55,056 - INFO - successfully scraped job Senior Machine Learning Engineer at Twilio Changing communications forever by empowering software people to build the future of our modern communications apps.
2024-11-15 18:13:55,082 - INFO - successfully scraped job Director of Data at Loom A new kind of work communication tool that helps you get your message across through instantly shareable video.
2024-11-15 18:13:55,107 - INFO - successfully scraped job Data Analyst at Amazon Earth's most customer-centric company.
2024-11-15 18:13:55,135 - INFO - successfully scraped job Site Reliability Engineer at Medium We want to be the best place to read and write on the internet.
2024-11-15 18:13:55,253 - INFO - scrapping completed successfully scrapped 20 jobs , failed to scrape 0 jobs
2024-11-15 18:42:55,661 - INFO - successfully scraped job Senior Software Engineer, Applied AI at Front How teams delight their customers, engage their teams, and build stronger businesses 
2024-11-15 18:42:55,687 - INFO - successfully scraped job Senior AI Researcher at Leonardo.Ai Leonardo is a Generative AI content production suite.
2024-11-15 18:42:55,712 - INFO - successfully scraped job Machine Learning Engineer Intern at Quora A place to share knowledge and better understand the world.
2024-11-15 18:42:55,740 - INFO - successfully scraped job Data Science Co-op, July 2025 at Jellyfish Change is easier with the right tools — navigate your engineering teams through it with Jellyfish
2024-11-15 18:42:55,764 - INFO - successfully scraped job Senior Data Engineer at Bluesight The Medication Intelligence Company
2024-11-15 18:42:55,798 - INFO - successfully scraped job Data Scientist at Big Time We are Big Time Studios, a new game company dedicated to crafting online adventures through space and time.
2024-11-15 18:42:55,820 - INFO - successfully scraped job Senior AI Research Engineer at Leonardo.Ai Leonardo is a Generative AI content production suite.
2024-11-15 18:42:55,841 - INFO - successfully scraped job AI Researcher at Leonardo.Ai Leonardo is a Generative AI content production suite.
2024-11-15 18:42:55,864 - INFO - successfully scraped job Senior Data Scientist, ML and Algorithms at AllTrails AllTrails is your guide to the outdoors! Explore 200k trail guides with reviews & photos from 30M+ outdoor enthusiasts.
2024-11-15 18:42:55,890 - INFO - successfully scraped job Senior Data Scientist at Sonatype Develop software fearlessly.
2024-11-15 18:42:55,914 - INFO - successfully scraped job Senior Data Scientist, ML and Algorithms at AllTrails AllTrails is your guide to the outdoors! Explore 200k trail guides with reviews & photos from 30M+ outdoor enthusiasts.
2024-11-15 18:42:55,940 - INFO - successfully scraped job Manager, Data Engineering at FreshBooks #1 accounting software in the cloud for self-employed professionals and their teams.
2024-11-15 18:42:55,964 - INFO - successfully scraped job Data Scientist, Product Analytics at Atlassian Tools for teams, from startup to enterprise: Atlassian provides tools to help every team unleash their full potential.
2024-11-15 18:42:55,988 - INFO - successfully scraped job Data Analytics Engineer at Mattermost Award-winning open source, private cloud Slack-alternative.
2024-11-15 18:42:56,011 - INFO - successfully scraped job Data Scientist at Headspace Your guide to health and happiness. Learn to meditate and live mindfully.
2024-11-15 18:42:56,032 - INFO - successfully scraped job Senior Data Scientist, Finance at Shopify Sell online, in-store, and everywhere in between.
2024-11-15 18:42:56,053 - INFO - successfully scraped job Senior Machine Learning Engineer at Twilio Changing communications forever by empowering software people to build the future of our modern communications apps.
2024-11-15 18:42:56,075 - INFO - successfully scraped job Director of Data at Loom A new kind of work communication tool that helps you get your message across through instantly shareable video.
2024-11-15 18:42:56,096 - INFO - successfully scraped job Data Analyst at Amazon Earth's most customer-centric company.
2024-11-15 18:42:56,117 - INFO - successfully scraped job Site Reliability Engineer at Medium We want to be the best place to read and write on the internet.
2024-11-15 18:42:56,240 - INFO - scrapping completed successfully scrapped 20 jobs , failed to scrape 0 jobs
2024-11-15 18:42:56,283 - INFO - Data successfully saved to database
2024-11-15 18:59:02,495 - INFO - successfully scraped job Senior Software Engineer, Applied AI at Front How teams delight their customers, engage their teams, and build stronger businesses 
2024-11-15 18:59:02,590 - INFO - successfully scraped job Senior AI Researcher at Leonardo.Ai Leonardo is a Generative AI content production suite.
2024-11-15 18:59:02,645 - INFO - successfully scraped job Machine Learning Engineer Intern at Quora A place to share knowledge and better understand the world.
2024-11-15 18:59:02,727 - INFO - successfully scraped job Data Science Co-op, July 2025 at Jellyfish Change is easier with the right tools — navigate your engineering teams through it with Jellyfish
2024-11-15 18:59:02,768 - INFO - successfully scraped job Senior Data Engineer at Bluesight The Medication Intelligence Company
2024-11-15 18:59:02,805 - INFO - successfully scraped job Data Scientist at Big Time We are Big Time Studios, a new game company dedicated to crafting online adventures through space and time.
2024-11-15 18:59:02,849 - INFO - successfully scraped job Senior AI Research Engineer at Leonardo.Ai Leonardo is a Generative AI content production suite.
2024-11-15 18:59:02,896 - INFO - successfully scraped job AI Researcher at Leonardo.Ai Leonardo is a Generative AI content production suite.
2024-11-15 18:59:02,939 - INFO - successfully scraped job Senior Data Scientist, ML and Algorithms at AllTrails AllTrails is your guide to the outdoors! Explore 200k trail guides with reviews & photos from 30M+ outdoor enthusiasts.
2024-11-15 18:59:02,979 - INFO - successfully scraped job Senior Data Scientist at Sonatype Develop software fearlessly.
2024-11-15 18:59:03,014 - INFO - successfully scraped job Senior Data Scientist, ML and Algorithms at AllTrails AllTrails is your guide to the outdoors! Explore 200k trail guides with reviews & photos from 30M+ outdoor enthusiasts.
2024-11-15 18:59:03,052 - INFO - successfully scraped job Manager, Data Engineering at FreshBooks #1 accounting software in the cloud for self-employed professionals and their teams.
2024-11-15 18:59:03,091 - INFO - successfully scraped job Data Scientist, Product Analytics at Atlassian Tools for teams, from startup to enterprise: Atlassian provides tools to help every team unleash their full potential.
2024-11-15 18:59:03,135 - INFO - successfully scraped job Data Analytics Engineer at Mattermost Award-winning open source, private cloud Slack-alternative.
2024-11-15 18:59:03,172 - INFO - successfully scraped job Data Scientist at Headspace Your guide to health and happiness. Learn to meditate and live mindfully.
2024-11-15 18:59:03,214 - INFO - successfully scraped job Senior Data Scientist, Finance at Shopify Sell online, in-store, and everywhere in between.
2024-11-15 18:59:03,254 - INFO - successfully scraped job Senior Machine Learning Engineer at Twilio Changing communications forever by empowering software people to build the future of our modern communications apps.
2024-11-15 18:59:03,322 - INFO - successfully scraped job Director of Data at Loom A new kind of work communication tool that helps you get your message across through instantly shareable video.
2024-11-15 18:59:03,368 - INFO - successfully scraped job Data Analyst at Amazon Earth's most customer-centric company.
2024-11-15 18:59:03,404 - INFO - successfully scraped job Site Reliability Engineer at Medium We want to be the best place to read and write on the internet.
2024-11-15 18:59:03,533 - INFO - scrapping completed successfully scrapped 20 jobs , failed to scrape 0 jobs
2024-11-15 18:59:03,594 - INFO - Data successfully saved to database
